[2023-02-04 01:14:18] {I:\gb\009_Знакомство с языком Python\seminars\tasks\task10_1\calculator_bot\controller.py:19} INFO - Start bot
[2023-02-04 01:14:22] {I:\gb\009_Знакомство с языком Python\seminars\tasks\task10_1\calculator_bot\controller.py:37} INFO -  : user id 160204679 : user full_name Serуу : text_message '/start' 
[2023-02-04 01:14:24] {I:\gb\009_Знакомство с языком Python\seminars\tasks\task10_1\calculator_bot\controller.py:61} INFO -  : user id 160204679 : user full_name Serуу : text_message '5' 
[2023-02-04 01:14:26] {I:\gb\009_Знакомство с языком Python\seminars\tasks\task10_1\calculator_bot\controller.py:61} INFO -  : user id 160204679 : user full_name Serуу : text_message '5' 
[2023-02-04 01:14:28] {I:\gb\009_Знакомство с языком Python\seminars\tasks\task10_1\calculator_bot\controller.py:61} INFO -  : user id 160204679 : user full_name Serуу : text_message '//' 
[2023-02-04 01:14:31] {I:\gb\009_Знакомство с языком Python\seminars\tasks\task10_1\calculator_bot\controller.py:61} INFO -  : user id 160204679 : user full_name Serуу : text_message '0' 
[2023-02-04 01:14:33] {I:\gb\009_Знакомство с языком Python\seminars\tasks\task10_1\calculator_bot\controller.py:61} INFO -  : user id 160204679 : user full_name Serуу : text_message '5' 
[2023-02-04 01:14:35] {I:\gb\009_Знакомство с языком Python\seminars\tasks\task10_1\calculator_bot\controller.py:61} INFO -  : user id 160204679 : user full_name Serуу : text_message '%' 
[2023-02-04 01:14:37] {I:\gb\009_Знакомство с языком Python\seminars\tasks\task10_1\calculator_bot\controller.py:61} INFO -  : user id 160204679 : user full_name Serуу : text_message '0' 
[2023-02-04 01:14:39] {I:\gb\009_Знакомство с языком Python\seminars\tasks\task10_1\calculator_bot\controller.py:61} INFO -  : user id 160204679 : user full_name Serуу : text_message '5' 
[2023-02-04 01:14:40] {I:\gb\009_Знакомство с языком Python\seminars\tasks\task10_1\calculator_bot\controller.py:61} INFO -  : user id 160204679 : user full_name Serуу : text_message '-' 
[2023-02-04 01:14:43] {I:\gb\009_Знакомство с языком Python\seminars\tasks\task10_1\calculator_bot\controller.py:61} INFO -  : user id 160204679 : user full_name Serуу : text_message '0' 
[2023-02-04 01:14:49] {I:\gb\009_Знакомство с языком Python\seminars\tasks\task10_1\calculator_bot\controller.py:61} INFO -  : user id 160204679 : user full_name Serуу : text_message '5+j' 
[2023-02-04 01:14:51] {I:\gb\009_Знакомство с языком Python\seminars\tasks\task10_1\calculator_bot\controller.py:61} INFO -  : user id 160204679 : user full_name Serуу : text_message '+' 
[2023-02-04 01:15:08] {I:\gb\009_Знакомство с языком Python\seminars\tasks\task10_1\calculator_bot\controller.py:61} INFO -  : user id 160204679 : user full_name Serуу : text_message '5' 
[2023-02-04 01:15:16] {I:\gb\009_Знакомство с языком Python\seminars\tasks\task10_1\calculator_bot\controller.py:61} INFO -  : user id 160204679 : user full_name Serуу : text_message '4+4i' 
[2023-02-04 01:15:18] {I:\gb\009_Знакомство с языком Python\seminars\tasks\task10_1\calculator_bot\controller.py:61} INFO -  : user id 160204679 : user full_name Serуу : text_message '*' 
[2023-02-04 01:15:24] {I:\gb\009_Знакомство с языком Python\seminars\tasks\task10_1\calculator_bot\controller.py:61} INFO -  : user id 160204679 : user full_name Serуу : text_message '5' 
[2023-02-04 01:15:31] {I:\gb\009_Знакомство с языком Python\seminars\tasks\task10_1\calculator_bot\controller.py:61} INFO -  : user id 160204679 : user full_name Serуу : text_message '4+4j' 
[2023-02-04 01:15:32] {I:\gb\009_Знакомство с языком Python\seminars\tasks\task10_1\calculator_bot\controller.py:61} INFO -  : user id 160204679 : user full_name Serуу : text_message '/' 
[2023-02-04 01:15:40] {I:\gb\009_Знакомство с языком Python\seminars\tasks\task10_1\calculator_bot\controller.py:61} INFO -  : user id 160204679 : user full_name Serуу : text_message '4' 
[2023-02-04 01:15:45] {I:\gb\009_Знакомство с языком Python\seminars\tasks\task10_1\calculator_bot\controller.py:61} INFO -  : user id 160204679 : user full_name Serуу : text_message '4+4j' 
[2023-02-04 01:15:46] {I:\gb\009_Знакомство с языком Python\seminars\tasks\task10_1\calculator_bot\controller.py:61} INFO -  : user id 160204679 : user full_name Serуу : text_message '//' 
[2023-02-04 01:16:00] {I:\gb\009_Знакомство с языком Python\seminars\tasks\task10_1\calculator_bot\controller.py:37} INFO -  : user id 160204679 : user full_name Serуу : text_message '/start' 
[2023-02-04 01:16:34] {I:\gb\009_Знакомство с языком Python\seminars\tasks\task10_1\calculator_bot\controller.py:61} INFO -  : user id 160204679 : user full_name Serуу : text_message 'Cancel' 
[2023-02-04 01:16:39] {I:\gb\009_Знакомство с языком Python\seminars\tasks\task10_1\calculator_bot\controller.py:61} INFO -  : user id 160204679 : user full_name Serуу : text_message 'j' 
[2023-02-04 01:16:42] {I:\gb\009_Знакомство с языком Python\seminars\tasks\task10_1\calculator_bot\controller.py:61} INFO -  : user id 160204679 : user full_name Serуу : text_message 'j' 
[2023-02-04 01:16:43] {I:\gb\009_Знакомство с языком Python\seminars\tasks\task10_1\calculator_bot\controller.py:61} INFO -  : user id 160204679 : user full_name Serуу : text_message '+' 
[2023-02-04 01:16:47] {I:\gb\009_Знакомство с языком Python\seminars\tasks\task10_1\calculator_bot\controller.py:61} INFO -  : user id 160204679 : user full_name Serуу : text_message 'j' 
[2023-02-04 01:16:49] {I:\gb\009_Знакомство с языком Python\seminars\tasks\task10_1\calculator_bot\controller.py:61} INFO -  : user id 160204679 : user full_name Serуу : text_message 'j' 
[2023-02-04 01:16:51] {I:\gb\009_Знакомство с языком Python\seminars\tasks\task10_1\calculator_bot\controller.py:61} INFO -  : user id 160204679 : user full_name Serуу : text_message '/' 
[2023-02-04 01:17:01] {I:\gb\009_Знакомство с языком Python\seminars\tasks\task10_1\calculator_bot\controller.py:61} INFO -  : user id 160204679 : user full_name Serуу : text_message 'kjg' 
[2023-02-04 01:17:03] {I:\gb\009_Знакомство с языком Python\seminars\tasks\task10_1\calculator_bot\controller.py:61} INFO -  : user id 160204679 : user full_name Serуу : text_message '8' 
[2023-02-04 01:17:06] {I:\gb\009_Знакомство с языком Python\seminars\tasks\task10_1\calculator_bot\controller.py:61} INFO -  : user id 160204679 : user full_name Serуу : text_message 'Cancel' 
[2023-02-04 01:17:10] {I:\gb\009_Знакомство с языком Python\seminars\tasks\task10_1\calculator_bot\controller.py:61} INFO -  : user id 160204679 : user full_name Serуу : text_message ';lkj' 
[2023-02-04 01:17:12] {I:\gb\009_Знакомство с языком Python\seminars\tasks\task10_1\calculator_bot\controller.py:61} INFO -  : user id 160204679 : user full_name Serуу : text_message '798' 
[2023-02-04 01:17:15] {I:\gb\009_Знакомство с языком Python\seminars\tasks\task10_1\calculator_bot\controller.py:61} INFO -  : user id 160204679 : user full_name Serуу : text_message '87' 
[2023-02-04 01:17:17] {I:\gb\009_Знакомство с языком Python\seminars\tasks\task10_1\calculator_bot\controller.py:61} INFO -  : user id 160204679 : user full_name Serуу : text_message 'Cancel' 
[2023-02-04 01:17:20] {I:\gb\009_Знакомство с языком Python\seminars\tasks\task10_1\calculator_bot\controller.py:61} INFO -  : user id 160204679 : user full_name Serуу : text_message '7' 
[2023-02-04 01:17:21] {I:\gb\009_Знакомство с языком Python\seminars\tasks\task10_1\calculator_bot\controller.py:61} INFO -  : user id 160204679 : user full_name Serуу : text_message '8' 
[2023-02-04 01:17:22] {I:\gb\009_Знакомство с языком Python\seminars\tasks\task10_1\calculator_bot\controller.py:61} INFO -  : user id 160204679 : user full_name Serуу : text_message '/' 
